2025-08-25 03:12:14.482 [HikariPool-5:housekeeper] WARN  com.zaxxer.hikari.pool.HikariPool - HikariPool-5 - Thread starvation or clock leap detected (housekeeper delta=1d23h53m45s805ms283?s200ns).
2025-08-25 03:12:14.485 [HikariPool-5:housekeeper] DEBUG com.zaxxer.hikari.pool.HikariPool - HikariPool-5 - Pool stats (total=10/10, idle=10/10, active=0, waiting=0)
2025-08-25 03:12:14.486 [HikariPool-5:housekeeper] DEBUG com.zaxxer.hikari.pool.HikariPool - HikariPool-5 - Fill pool skipped, pool has sufficient level or currently being filled.
2025-08-25 03:12:14.486 [HikariPool-5:housekeeper] DEBUG com.zaxxer.hikari.pool.HikariPool - HikariPool-5 - keepalive: connection com.mysql.cj.jdbc.ConnectionImpl@668342e0 is alive
2025-08-25 03:12:14.486 [HikariPool-5:housekeeper] DEBUG com.zaxxer.hikari.pool.HikariPool - HikariPool-5 - keepalive: connection com.mysql.cj.jdbc.ConnectionImpl@1622d03d is alive
2025-08-25 03:12:14.561 [HikariPool-5:housekeeper] DEBUG com.zaxxer.hikari.pool.HikariPool - HikariPool-5 - keepalive: connection com.mysql.cj.jdbc.ConnectionImpl@27be48db is alive
2025-08-25 03:12:14.562 [HikariPool-5:housekeeper] DEBUG com.zaxxer.hikari.pool.HikariPool - HikariPool-5 - keepalive: connection com.mysql.cj.jdbc.ConnectionImpl@6acbdaf is alive
2025-08-25 03:12:14.562 [HikariPool-5:housekeeper] DEBUG com.zaxxer.hikari.pool.HikariPool - HikariPool-5 - keepalive: connection com.mysql.cj.jdbc.ConnectionImpl@57afc02c is alive
2025-08-25 03:12:14.562 [HikariPool-5:housekeeper] DEBUG com.zaxxer.hikari.pool.HikariPool - HikariPool-5 - keepalive: connection com.mysql.cj.jdbc.ConnectionImpl@387f62fe is alive
2025-08-25 03:12:14.563 [HikariPool-5:housekeeper] DEBUG com.zaxxer.hikari.pool.HikariPool - HikariPool-5 - keepalive: connection com.mysql.cj.jdbc.ConnectionImpl@1391ab56 is alive
2025-08-25 03:12:14.563 [HikariPool-5:housekeeper] DEBUG com.zaxxer.hikari.pool.HikariPool - HikariPool-5 - keepalive: connection com.mysql.cj.jdbc.ConnectionImpl@2e247aa is alive
2025-08-25 03:12:14.563 [HikariPool-5:housekeeper] DEBUG com.zaxxer.hikari.pool.HikariPool - HikariPool-5 - keepalive: connection com.mysql.cj.jdbc.ConnectionImpl@78b2cff8 is alive
2025-08-25 03:12:14.564 [HikariPool-5:housekeeper] DEBUG com.zaxxer.hikari.pool.HikariPool - HikariPool-5 - keepalive: connection com.mysql.cj.jdbc.ConnectionImpl@64065f77 is alive
2025-08-25 03:12:14.565 [HikariPool-5:connection-closer] DEBUG com.zaxxer.hikari.pool.PoolBase - HikariPool-5 - Closing connection com.mysql.cj.jdbc.ConnectionImpl@64065f77: (connection has passed maxLifetime)
2025-08-25 03:12:14.565 [HikariPool-5:connection-closer] DEBUG com.zaxxer.hikari.pool.PoolBase - HikariPool-5 - Closing connection com.mysql.cj.jdbc.ConnectionImpl@668342e0: (connection has passed maxLifetime)
2025-08-25 03:12:14.565 [HikariPool-5:connection-adder] DEBUG com.zaxxer.hikari.pool.PoolBase - HikariPool-5 - Attempting to create/setup new connection (93bb9e90-10bf-4829-84d9-d7f267e035e5)
2025-08-25 03:12:14.566 [HikariPool-5:connection-closer] DEBUG com.zaxxer.hikari.pool.PoolBase - HikariPool-5 - Closing connection com.mysql.cj.jdbc.ConnectionImpl@6acbdaf: (connection has passed maxLifetime)
2025-08-25 03:12:14.566 [HikariPool-5:connection-closer] DEBUG com.zaxxer.hikari.pool.PoolBase - HikariPool-5 - Closing connection com.mysql.cj.jdbc.ConnectionImpl@27be48db: (connection has passed maxLifetime)
2025-08-25 03:12:14.567 [HikariPool-5:connection-closer] DEBUG com.zaxxer.hikari.pool.PoolBase - HikariPool-5 - Closing connection com.mysql.cj.jdbc.ConnectionImpl@1391ab56: (connection has passed maxLifetime)
2025-08-25 03:12:14.567 [HikariPool-5:connection-closer] DEBUG com.zaxxer.hikari.pool.PoolBase - HikariPool-5 - Closing connection com.mysql.cj.jdbc.ConnectionImpl@78b2cff8: (connection has passed maxLifetime)
2025-08-25 03:12:14.568 [HikariPool-5:connection-closer] DEBUG com.zaxxer.hikari.pool.PoolBase - HikariPool-5 - Closing connection com.mysql.cj.jdbc.ConnectionImpl@57afc02c: (connection has passed maxLifetime)
2025-08-25 03:12:14.569 [HikariPool-5:connection-closer] DEBUG com.zaxxer.hikari.pool.PoolBase - HikariPool-5 - Closing connection com.mysql.cj.jdbc.ConnectionImpl@1622d03d: (connection has passed maxLifetime)
2025-08-25 03:12:14.569 [HikariPool-5:connection-closer] DEBUG com.zaxxer.hikari.pool.PoolBase - HikariPool-5 - Closing connection com.mysql.cj.jdbc.ConnectionImpl@387f62fe: (connection has passed maxLifetime)
2025-08-25 03:12:14.570 [HikariPool-5:connection-closer] DEBUG com.zaxxer.hikari.pool.PoolBase - HikariPool-5 - Closing connection com.mysql.cj.jdbc.ConnectionImpl@2e247aa: (connection has passed maxLifetime)
2025-08-25 03:12:14.579 [HikariPool-5:connection-adder] DEBUG com.zaxxer.hikari.pool.PoolBase - HikariPool-5 - Established new connection (93bb9e90-10bf-4829-84d9-d7f267e035e5)
2025-08-25 03:12:14.579 [HikariPool-5:connection-adder] DEBUG com.zaxxer.hikari.pool.HikariPool - HikariPool-5 - Added connection com.mysql.cj.jdbc.ConnectionImpl@3d840ffe
2025-08-25 03:12:14.618 [HikariPool-5:connection-adder] DEBUG com.zaxxer.hikari.pool.PoolBase - HikariPool-5 - Attempting to create/setup new connection (5a0917bb-f5d6-4635-974c-90daa66c74ab)
2025-08-25 03:12:14.630 [HikariPool-5:connection-adder] DEBUG com.zaxxer.hikari.pool.PoolBase - HikariPool-5 - Established new connection (5a0917bb-f5d6-4635-974c-90daa66c74ab)
2025-08-25 03:12:14.631 [HikariPool-5:connection-adder] DEBUG com.zaxxer.hikari.pool.HikariPool - HikariPool-5 - Added connection com.mysql.cj.jdbc.ConnectionImpl@7cb905c5
2025-08-25 03:12:14.664 [HikariPool-5:connection-adder] DEBUG com.zaxxer.hikari.pool.PoolBase - HikariPool-5 - Attempting to create/setup new connection (d9d41ad6-ac89-494a-84d4-40c27aba4690)
2025-08-25 03:12:14.675 [HikariPool-5:connection-adder] DEBUG com.zaxxer.hikari.pool.PoolBase - HikariPool-5 - Established new connection (d9d41ad6-ac89-494a-84d4-40c27aba4690)
2025-08-25 03:12:14.675 [HikariPool-5:connection-adder] DEBUG com.zaxxer.hikari.pool.HikariPool - HikariPool-5 - Added connection com.mysql.cj.jdbc.ConnectionImpl@4d8fbf6f
2025-08-25 03:12:14.709 [HikariPool-5:connection-adder] DEBUG com.zaxxer.hikari.pool.PoolBase - HikariPool-5 - Attempting to create/setup new connection (7c7a0077-5824-42ff-b925-2d8d8817de9a)
2025-08-25 03:12:14.721 [HikariPool-5:connection-adder] DEBUG com.zaxxer.hikari.pool.PoolBase - HikariPool-5 - Established new connection (7c7a0077-5824-42ff-b925-2d8d8817de9a)
2025-08-25 03:12:14.721 [HikariPool-5:connection-adder] DEBUG com.zaxxer.hikari.pool.HikariPool - HikariPool-5 - Added connection com.mysql.cj.jdbc.ConnectionImpl@1c96fa8a
2025-08-25 03:12:14.755 [HikariPool-5:connection-adder] DEBUG com.zaxxer.hikari.pool.PoolBase - HikariPool-5 - Attempting to create/setup new connection (765c650f-2911-4377-a7fc-e89391b47d00)
2025-08-25 03:12:14.766 [HikariPool-5:connection-adder] DEBUG com.zaxxer.hikari.pool.PoolBase - HikariPool-5 - Established new connection (765c650f-2911-4377-a7fc-e89391b47d00)
2025-08-25 03:12:14.766 [HikariPool-5:connection-adder] DEBUG com.zaxxer.hikari.pool.HikariPool - HikariPool-5 - Added connection com.mysql.cj.jdbc.ConnectionImpl@31ad8147
2025-08-25 03:12:14.802 [HikariPool-5:connection-adder] DEBUG com.zaxxer.hikari.pool.PoolBase - HikariPool-5 - Attempting to create/setup new connection (362f41dd-01ab-4d32-962a-2d69a5d2e72b)
2025-08-25 03:12:14.812 [HikariPool-5:connection-adder] DEBUG com.zaxxer.hikari.pool.PoolBase - HikariPool-5 - Established new connection (362f41dd-01ab-4d32-962a-2d69a5d2e72b)
2025-08-25 03:12:14.812 [HikariPool-5:connection-adder] DEBUG com.zaxxer.hikari.pool.HikariPool - HikariPool-5 - Added connection com.mysql.cj.jdbc.ConnectionImpl@18d802b5
2025-08-25 03:12:14.846 [HikariPool-5:connection-adder] DEBUG com.zaxxer.hikari.pool.PoolBase - HikariPool-5 - Attempting to create/setup new connection (f4784b10-7ed0-4a6c-96f9-b47d3b60fddb)
2025-08-25 03:12:14.855 [HikariPool-5:connection-adder] DEBUG com.zaxxer.hikari.pool.PoolBase - HikariPool-5 - Established new connection (f4784b10-7ed0-4a6c-96f9-b47d3b60fddb)
2025-08-25 03:12:14.855 [HikariPool-5:connection-adder] DEBUG com.zaxxer.hikari.pool.HikariPool - HikariPool-5 - Added connection com.mysql.cj.jdbc.ConnectionImpl@d15c8bd
2025-08-25 03:12:14.891 [HikariPool-5:connection-adder] DEBUG com.zaxxer.hikari.pool.PoolBase - HikariPool-5 - Attempting to create/setup new connection (64739fd9-7f88-4e58-9032-84faff07b5f5)
2025-08-25 03:12:14.901 [HikariPool-5:connection-adder] DEBUG com.zaxxer.hikari.pool.PoolBase - HikariPool-5 - Established new connection (64739fd9-7f88-4e58-9032-84faff07b5f5)
2025-08-25 03:12:14.901 [HikariPool-5:connection-adder] DEBUG com.zaxxer.hikari.pool.HikariPool - HikariPool-5 - Added connection com.mysql.cj.jdbc.ConnectionImpl@696a9a38
2025-08-25 03:12:14.936 [HikariPool-5:connection-adder] DEBUG com.zaxxer.hikari.pool.PoolBase - HikariPool-5 - Attempting to create/setup new connection (53e2ac22-94c1-4913-b009-41c433493050)
2025-08-25 03:12:14.946 [HikariPool-5:connection-adder] DEBUG com.zaxxer.hikari.pool.PoolBase - HikariPool-5 - Established new connection (53e2ac22-94c1-4913-b009-41c433493050)
2025-08-25 03:12:14.946 [HikariPool-5:connection-adder] DEBUG com.zaxxer.hikari.pool.HikariPool - HikariPool-5 - Added connection com.mysql.cj.jdbc.ConnectionImpl@64bace93
2025-08-25 03:12:14.982 [HikariPool-5:connection-adder] DEBUG com.zaxxer.hikari.pool.PoolBase - HikariPool-5 - Attempting to create/setup new connection (d61e0a73-9848-4176-b678-7eb0c55af616)
2025-08-25 03:12:14.993 [HikariPool-5:connection-adder] DEBUG com.zaxxer.hikari.pool.PoolBase - HikariPool-5 - Established new connection (d61e0a73-9848-4176-b678-7eb0c55af616)
2025-08-25 03:12:14.993 [HikariPool-5:connection-adder] DEBUG com.zaxxer.hikari.pool.HikariPool - HikariPool-5 - Added connection com.mysql.cj.jdbc.ConnectionImpl@17d52a8f
2025-08-25 03:12:15.028 [HikariPool-5:connection-adder] DEBUG com.zaxxer.hikari.pool.HikariPool - HikariPool-5 - Connection not added, stats (total=10/10, idle=10/10, active=0, waiting=0)
