2025-08-23 03:03:28.439 [HikariPool-5:housekeeper] WARN  com.zaxxer.hikari.pool.HikariPool - HikariPool-5 - Thread starvation or clock leap detected (housekeeper delta=10h57m4s16ms665?s500ns).
2025-08-23 03:03:28.441 [HikariPool-5:housekeeper] DEBUG com.zaxxer.hikari.pool.HikariPool - HikariPool-5 - Pool stats (total=10/10, idle=10/10, active=0, waiting=0)
2025-08-23 03:03:28.442 [HikariPool-5:housekeeper] DEBUG com.zaxxer.hikari.pool.HikariPool - HikariPool-5 - Fill pool skipped, pool has sufficient level or currently being filled.
2025-08-23 03:03:28.442 [HikariPool-5:housekeeper] DEBUG com.zaxxer.hikari.pool.HikariPool - HikariPool-5 - keepalive: connection com.mysql.cj.jdbc.ConnectionImpl@77957cf8 is alive
2025-08-23 03:03:28.442 [HikariPool-5:housekeeper] DEBUG com.zaxxer.hikari.pool.HikariPool - HikariPool-5 - keepalive: connection com.mysql.cj.jdbc.ConnectionImpl@8fe1dad is alive
2025-08-23 03:03:28.442 [HikariPool-5:housekeeper] DEBUG com.zaxxer.hikari.pool.HikariPool - HikariPool-5 - keepalive: connection com.mysql.cj.jdbc.ConnectionImpl@31f2d3a4 is alive
2025-08-23 03:03:28.443 [HikariPool-5:housekeeper] DEBUG com.zaxxer.hikari.pool.HikariPool - HikariPool-5 - keepalive: connection com.mysql.cj.jdbc.ConnectionImpl@724d607 is alive
2025-08-23 03:03:28.443 [HikariPool-5:housekeeper] DEBUG com.zaxxer.hikari.pool.HikariPool - HikariPool-5 - keepalive: connection com.mysql.cj.jdbc.ConnectionImpl@4b843098 is alive
2025-08-23 03:03:28.443 [HikariPool-5:housekeeper] DEBUG com.zaxxer.hikari.pool.HikariPool - HikariPool-5 - keepalive: connection com.mysql.cj.jdbc.ConnectionImpl@4619dc3c is alive
2025-08-23 03:03:28.443 [HikariPool-5:housekeeper] DEBUG com.zaxxer.hikari.pool.HikariPool - HikariPool-5 - keepalive: connection com.mysql.cj.jdbc.ConnectionImpl@227879f4 is alive
2025-08-23 03:03:28.443 [HikariPool-5:housekeeper] DEBUG com.zaxxer.hikari.pool.HikariPool - HikariPool-5 - keepalive: connection com.mysql.cj.jdbc.ConnectionImpl@63ad1a96 is alive
2025-08-23 03:03:28.445 [HikariPool-5:housekeeper] DEBUG com.zaxxer.hikari.pool.HikariPool - HikariPool-5 - keepalive: connection com.mysql.cj.jdbc.ConnectionImpl@26362373 is alive
2025-08-23 03:03:28.445 [HikariPool-5:housekeeper] DEBUG com.zaxxer.hikari.pool.HikariPool - HikariPool-5 - keepalive: connection com.mysql.cj.jdbc.ConnectionImpl@2c088514 is alive
2025-08-23 03:03:28.446 [HikariPool-5:connection-closer] DEBUG com.zaxxer.hikari.pool.PoolBase - HikariPool-5 - Closing connection com.mysql.cj.jdbc.ConnectionImpl@4619dc3c: (connection has passed maxLifetime)
2025-08-23 03:03:28.447 [HikariPool-5:connection-closer] DEBUG com.zaxxer.hikari.pool.PoolBase - HikariPool-5 - Closing connection com.mysql.cj.jdbc.ConnectionImpl@2c088514: (connection has passed maxLifetime)
2025-08-23 03:03:28.447 [HikariPool-5:connection-adder] DEBUG com.zaxxer.hikari.pool.PoolBase - HikariPool-5 - Attempting to create/setup new connection (373abfee-3b8e-4367-a8d8-2e02055b14b6)
2025-08-23 03:03:28.447 [HikariPool-5:connection-closer] DEBUG com.zaxxer.hikari.pool.PoolBase - HikariPool-5 - Closing connection com.mysql.cj.jdbc.ConnectionImpl@77957cf8: (connection has passed maxLifetime)
2025-08-23 03:03:28.449 [HikariPool-5:connection-closer] DEBUG com.zaxxer.hikari.pool.PoolBase - HikariPool-5 - Closing connection com.mysql.cj.jdbc.ConnectionImpl@724d607: (connection has passed maxLifetime)
2025-08-23 03:03:28.449 [HikariPool-5:connection-closer] DEBUG com.zaxxer.hikari.pool.PoolBase - HikariPool-5 - Closing connection com.mysql.cj.jdbc.ConnectionImpl@4b843098: (connection has passed maxLifetime)
2025-08-23 03:03:28.449 [HikariPool-5:connection-closer] DEBUG com.zaxxer.hikari.pool.PoolBase - HikariPool-5 - Closing connection com.mysql.cj.jdbc.ConnectionImpl@63ad1a96: (connection has passed maxLifetime)
2025-08-23 03:03:28.450 [HikariPool-5:connection-closer] DEBUG com.zaxxer.hikari.pool.PoolBase - HikariPool-5 - Closing connection com.mysql.cj.jdbc.ConnectionImpl@227879f4: (connection has passed maxLifetime)
2025-08-23 03:03:28.450 [HikariPool-5:connection-closer] DEBUG com.zaxxer.hikari.pool.PoolBase - HikariPool-5 - Closing connection com.mysql.cj.jdbc.ConnectionImpl@8fe1dad: (connection has passed maxLifetime)
2025-08-23 03:03:28.450 [HikariPool-5:connection-closer] DEBUG com.zaxxer.hikari.pool.PoolBase - HikariPool-5 - Closing connection com.mysql.cj.jdbc.ConnectionImpl@31f2d3a4: (connection has passed maxLifetime)
2025-08-23 03:03:28.451 [HikariPool-5:connection-closer] DEBUG com.zaxxer.hikari.pool.PoolBase - HikariPool-5 - Closing connection com.mysql.cj.jdbc.ConnectionImpl@26362373: (connection has passed maxLifetime)
2025-08-23 03:03:28.458 [HikariPool-5:connection-adder] DEBUG com.zaxxer.hikari.pool.PoolBase - HikariPool-5 - Established new connection (373abfee-3b8e-4367-a8d8-2e02055b14b6)
2025-08-23 03:03:28.458 [HikariPool-5:connection-adder] DEBUG com.zaxxer.hikari.pool.HikariPool - HikariPool-5 - Added connection com.mysql.cj.jdbc.ConnectionImpl@27be48db
2025-08-23 03:03:28.501 [HikariPool-5:connection-adder] DEBUG com.zaxxer.hikari.pool.PoolBase - HikariPool-5 - Attempting to create/setup new connection (abbc6ee8-638e-4ba4-95fb-00cf45e0cbef)
2025-08-23 03:03:28.512 [HikariPool-5:connection-adder] DEBUG com.zaxxer.hikari.pool.PoolBase - HikariPool-5 - Established new connection (abbc6ee8-638e-4ba4-95fb-00cf45e0cbef)
2025-08-23 03:03:28.513 [HikariPool-5:connection-adder] DEBUG com.zaxxer.hikari.pool.HikariPool - HikariPool-5 - Added connection com.mysql.cj.jdbc.ConnectionImpl@668342e0
2025-08-23 03:03:28.547 [HikariPool-5:connection-adder] DEBUG com.zaxxer.hikari.pool.PoolBase - HikariPool-5 - Attempting to create/setup new connection (6b5de6bc-a956-4a4e-9f19-855be708a38a)
2025-08-23 03:03:28.560 [HikariPool-5:connection-adder] DEBUG com.zaxxer.hikari.pool.PoolBase - HikariPool-5 - Established new connection (6b5de6bc-a956-4a4e-9f19-855be708a38a)
2025-08-23 03:03:28.560 [HikariPool-5:connection-adder] DEBUG com.zaxxer.hikari.pool.HikariPool - HikariPool-5 - Added connection com.mysql.cj.jdbc.ConnectionImpl@57afc02c
2025-08-23 03:03:28.593 [HikariPool-5:connection-adder] DEBUG com.zaxxer.hikari.pool.PoolBase - HikariPool-5 - Attempting to create/setup new connection (45b96553-16ea-4d84-ad5b-65f3d1694663)
2025-08-23 03:03:28.603 [HikariPool-5:connection-adder] DEBUG com.zaxxer.hikari.pool.PoolBase - HikariPool-5 - Established new connection (45b96553-16ea-4d84-ad5b-65f3d1694663)
2025-08-23 03:03:28.603 [HikariPool-5:connection-adder] DEBUG com.zaxxer.hikari.pool.HikariPool - HikariPool-5 - Added connection com.mysql.cj.jdbc.ConnectionImpl@6acbdaf
2025-08-23 03:03:28.640 [HikariPool-5:connection-adder] DEBUG com.zaxxer.hikari.pool.PoolBase - HikariPool-5 - Attempting to create/setup new connection (df580439-6da6-4150-b8e6-85d34f75347c)
2025-08-23 03:03:28.653 [HikariPool-5:connection-adder] DEBUG com.zaxxer.hikari.pool.PoolBase - HikariPool-5 - Established new connection (df580439-6da6-4150-b8e6-85d34f75347c)
2025-08-23 03:03:28.653 [HikariPool-5:connection-adder] DEBUG com.zaxxer.hikari.pool.HikariPool - HikariPool-5 - Added connection com.mysql.cj.jdbc.ConnectionImpl@387f62fe
2025-08-23 03:03:28.687 [HikariPool-5:connection-adder] DEBUG com.zaxxer.hikari.pool.PoolBase - HikariPool-5 - Attempting to create/setup new connection (1318b7f8-0954-40e8-9037-33cb7f575441)
2025-08-23 03:03:28.697 [HikariPool-5:connection-adder] DEBUG com.zaxxer.hikari.pool.PoolBase - HikariPool-5 - Established new connection (1318b7f8-0954-40e8-9037-33cb7f575441)
2025-08-23 03:03:28.698 [HikariPool-5:connection-adder] DEBUG com.zaxxer.hikari.pool.HikariPool - HikariPool-5 - Added connection com.mysql.cj.jdbc.ConnectionImpl@2e247aa
2025-08-23 03:03:28.734 [HikariPool-5:connection-adder] DEBUG com.zaxxer.hikari.pool.PoolBase - HikariPool-5 - Attempting to create/setup new connection (d624ebca-41a1-4a97-9716-4b63786e1fe6)
2025-08-23 03:03:28.746 [HikariPool-5:connection-adder] DEBUG com.zaxxer.hikari.pool.PoolBase - HikariPool-5 - Established new connection (d624ebca-41a1-4a97-9716-4b63786e1fe6)
2025-08-23 03:03:28.746 [HikariPool-5:connection-adder] DEBUG com.zaxxer.hikari.pool.HikariPool - HikariPool-5 - Added connection com.mysql.cj.jdbc.ConnectionImpl@1391ab56
2025-08-23 03:03:28.780 [HikariPool-5:connection-adder] DEBUG com.zaxxer.hikari.pool.PoolBase - HikariPool-5 - Attempting to create/setup new connection (79d23ff6-2b8e-4955-8f93-80eadda742d4)
2025-08-23 03:03:28.792 [HikariPool-5:connection-adder] DEBUG com.zaxxer.hikari.pool.PoolBase - HikariPool-5 - Established new connection (79d23ff6-2b8e-4955-8f93-80eadda742d4)
2025-08-23 03:03:28.793 [HikariPool-5:connection-adder] DEBUG com.zaxxer.hikari.pool.HikariPool - HikariPool-5 - Added connection com.mysql.cj.jdbc.ConnectionImpl@64065f77
2025-08-23 03:03:28.826 [HikariPool-5:connection-adder] DEBUG com.zaxxer.hikari.pool.PoolBase - HikariPool-5 - Attempting to create/setup new connection (bc7d22bb-4b2e-474e-b859-b1fbe557ef3f)
2025-08-23 03:03:28.836 [HikariPool-5:connection-adder] DEBUG com.zaxxer.hikari.pool.PoolBase - HikariPool-5 - Established new connection (bc7d22bb-4b2e-474e-b859-b1fbe557ef3f)
2025-08-23 03:03:28.836 [HikariPool-5:connection-adder] DEBUG com.zaxxer.hikari.pool.HikariPool - HikariPool-5 - Added connection com.mysql.cj.jdbc.ConnectionImpl@78b2cff8
2025-08-23 03:03:28.873 [HikariPool-5:connection-adder] DEBUG com.zaxxer.hikari.pool.PoolBase - HikariPool-5 - Attempting to create/setup new connection (d8044007-924d-4f3e-8cdc-619de935e551)
2025-08-23 03:03:28.884 [HikariPool-5:connection-adder] DEBUG com.zaxxer.hikari.pool.PoolBase - HikariPool-5 - Established new connection (d8044007-924d-4f3e-8cdc-619de935e551)
2025-08-23 03:03:28.884 [HikariPool-5:connection-adder] DEBUG com.zaxxer.hikari.pool.HikariPool - HikariPool-5 - Added connection com.mysql.cj.jdbc.ConnectionImpl@1622d03d
2025-08-23 03:03:28.919 [HikariPool-5:connection-adder] DEBUG com.zaxxer.hikari.pool.HikariPool - HikariPool-5 - Connection not added, stats (total=10/10, idle=10/10, active=0, waiting=0)
2025-08-23 03:03:58.445 [HikariPool-5:housekeeper] DEBUG com.zaxxer.hikari.pool.HikariPool - HikariPool-5 - Pool stats (total=10/10, idle=10/10, active=0, waiting=0)
2025-08-23 03:03:58.445 [HikariPool-5:housekeeper] DEBUG com.zaxxer.hikari.pool.HikariPool - HikariPool-5 - Fill pool skipped, pool has sufficient level or currently being filled.
2025-08-23 03:04:28.448 [HikariPool-5:housekeeper] DEBUG com.zaxxer.hikari.pool.HikariPool - HikariPool-5 - Pool stats (total=10/10, idle=10/10, active=0, waiting=0)
2025-08-23 03:04:28.448 [HikariPool-5:housekeeper] DEBUG com.zaxxer.hikari.pool.HikariPool - HikariPool-5 - Fill pool skipped, pool has sufficient level or currently being filled.
2025-08-23 03:04:58.454 [HikariPool-5:housekeeper] DEBUG com.zaxxer.hikari.pool.HikariPool - HikariPool-5 - Pool stats (total=10/10, idle=10/10, active=0, waiting=0)
2025-08-23 03:04:58.454 [HikariPool-5:housekeeper] DEBUG com.zaxxer.hikari.pool.HikariPool - HikariPool-5 - Fill pool skipped, pool has sufficient level or currently being filled.
2025-08-23 03:05:04.745 [HikariPool-5:housekeeper] DEBUG com.zaxxer.hikari.pool.HikariPool - HikariPool-5 - keepalive: connection com.mysql.cj.jdbc.ConnectionImpl@27be48db is alive
2025-08-23 03:05:08.683 [HikariPool-5:housekeeper] DEBUG com.zaxxer.hikari.pool.HikariPool - HikariPool-5 - keepalive: connection com.mysql.cj.jdbc.ConnectionImpl@57afc02c is alive
2025-08-23 03:05:11.544 [HikariPool-5:housekeeper] DEBUG com.zaxxer.hikari.pool.HikariPool - HikariPool-5 - keepalive: connection com.mysql.cj.jdbc.ConnectionImpl@2e247aa is alive
2025-08-23 03:05:14.163 [HikariPool-5:housekeeper] DEBUG com.zaxxer.hikari.pool.HikariPool - HikariPool-5 - keepalive: connection com.mysql.cj.jdbc.ConnectionImpl@1622d03d is alive
2025-08-23 03:05:18.188 [HikariPool-5:housekeeper] DEBUG com.zaxxer.hikari.pool.HikariPool - HikariPool-5 - keepalive: connection com.mysql.cj.jdbc.ConnectionImpl@6acbdaf is alive
2025-08-23 03:05:21.032 [HikariPool-5:housekeeper] DEBUG com.zaxxer.hikari.pool.HikariPool - HikariPool-5 - keepalive: connection com.mysql.cj.jdbc.ConnectionImpl@387f62fe is alive
2025-08-23 03:05:22.283 [HikariPool-5:housekeeper] DEBUG com.zaxxer.hikari.pool.HikariPool - HikariPool-5 - keepalive: connection com.mysql.cj.jdbc.ConnectionImpl@1391ab56 is alive
2025-08-23 03:05:24.042 [HikariPool-5:housekeeper] DEBUG com.zaxxer.hikari.pool.HikariPool - HikariPool-5 - keepalive: connection com.mysql.cj.jdbc.ConnectionImpl@78b2cff8 is alive
2025-08-23 03:05:24.650 [HikariPool-5:housekeeper] DEBUG com.zaxxer.hikari.pool.HikariPool - HikariPool-5 - keepalive: connection com.mysql.cj.jdbc.ConnectionImpl@64065f77 is alive
2025-08-23 03:05:25.985 [HikariPool-5:housekeeper] DEBUG com.zaxxer.hikari.pool.HikariPool - HikariPool-5 - keepalive: connection com.mysql.cj.jdbc.ConnectionImpl@668342e0 is alive
2025-08-23 03:05:28.471 [HikariPool-5:housekeeper] DEBUG com.zaxxer.hikari.pool.HikariPool - HikariPool-5 - Pool stats (total=10/10, idle=10/10, active=0, waiting=0)
2025-08-23 03:05:28.471 [HikariPool-5:housekeeper] DEBUG com.zaxxer.hikari.pool.HikariPool - HikariPool-5 - Fill pool skipped, pool has sufficient level or currently being filled.
2025-08-23 03:05:58.485 [HikariPool-5:housekeeper] DEBUG com.zaxxer.hikari.pool.HikariPool - HikariPool-5 - Pool stats (total=10/10, idle=10/10, active=0, waiting=0)
2025-08-23 03:05:58.485 [HikariPool-5:housekeeper] DEBUG com.zaxxer.hikari.pool.HikariPool - HikariPool-5 - Fill pool skipped, pool has sufficient level or currently being filled.
2025-08-23 03:06:28.491 [HikariPool-5:housekeeper] DEBUG com.zaxxer.hikari.pool.HikariPool - HikariPool-5 - Pool stats (total=10/10, idle=10/10, active=0, waiting=0)
2025-08-23 03:06:28.491 [HikariPool-5:housekeeper] DEBUG com.zaxxer.hikari.pool.HikariPool - HikariPool-5 - Fill pool skipped, pool has sufficient level or currently being filled.
2025-08-23 03:06:41.028 [HikariPool-5:housekeeper] DEBUG com.zaxxer.hikari.pool.HikariPool - HikariPool-5 - keepalive: connection com.mysql.cj.jdbc.ConnectionImpl@27be48db is alive
2025-08-23 03:06:48.801 [HikariPool-5:housekeeper] DEBUG com.zaxxer.hikari.pool.HikariPool - HikariPool-5 - keepalive: connection com.mysql.cj.jdbc.ConnectionImpl@57afc02c is alive
2025-08-23 03:06:54.399 [HikariPool-5:housekeeper] DEBUG com.zaxxer.hikari.pool.HikariPool - HikariPool-5 - keepalive: connection com.mysql.cj.jdbc.ConnectionImpl@2e247aa is alive
2025-08-23 03:06:58.492 [HikariPool-5:housekeeper] DEBUG com.zaxxer.hikari.pool.HikariPool - HikariPool-5 - Pool stats (total=10/10, idle=10/10, active=0, waiting=0)
2025-08-23 03:06:58.492 [HikariPool-5:housekeeper] DEBUG com.zaxxer.hikari.pool.HikariPool - HikariPool-5 - Fill pool skipped, pool has sufficient level or currently being filled.
2025-08-23 03:06:59.453 [HikariPool-5:housekeeper] DEBUG com.zaxxer.hikari.pool.HikariPool - HikariPool-5 - keepalive: connection com.mysql.cj.jdbc.ConnectionImpl@1622d03d is alive
2025-08-23 03:07:07.768 [HikariPool-5:housekeeper] DEBUG com.zaxxer.hikari.pool.HikariPool - HikariPool-5 - keepalive: connection com.mysql.cj.jdbc.ConnectionImpl@6acbdaf is alive
2025-08-23 03:07:13.415 [HikariPool-5:housekeeper] DEBUG com.zaxxer.hikari.pool.HikariPool - HikariPool-5 - keepalive: connection com.mysql.cj.jdbc.ConnectionImpl@387f62fe is alive
2025-08-23 03:07:15.814 [HikariPool-5:housekeeper] DEBUG com.zaxxer.hikari.pool.HikariPool - HikariPool-5 - keepalive: connection com.mysql.cj.jdbc.ConnectionImpl@1391ab56 is alive
2025-08-23 03:07:19.248 [HikariPool-5:housekeeper] DEBUG com.zaxxer.hikari.pool.HikariPool - HikariPool-5 - keepalive: connection com.mysql.cj.jdbc.ConnectionImpl@78b2cff8 is alive
2025-08-23 03:07:20.509 [HikariPool-5:housekeeper] DEBUG com.zaxxer.hikari.pool.HikariPool - HikariPool-5 - keepalive: connection com.mysql.cj.jdbc.ConnectionImpl@64065f77 is alive
2025-08-23 03:07:23.462 [HikariPool-5:housekeeper] DEBUG com.zaxxer.hikari.pool.HikariPool - HikariPool-5 - keepalive: connection com.mysql.cj.jdbc.ConnectionImpl@668342e0 is alive
2025-08-23 03:07:28.504 [HikariPool-5:housekeeper] DEBUG com.zaxxer.hikari.pool.HikariPool - HikariPool-5 - Pool stats (total=10/10, idle=10/10, active=0, waiting=0)
2025-08-23 03:07:28.504 [HikariPool-5:housekeeper] DEBUG com.zaxxer.hikari.pool.HikariPool - HikariPool-5 - Fill pool skipped, pool has sufficient level or currently being filled.
2025-08-23 03:07:58.511 [HikariPool-5:housekeeper] DEBUG com.zaxxer.hikari.pool.HikariPool - HikariPool-5 - Pool stats (total=10/10, idle=10/10, active=0, waiting=0)
2025-08-23 03:07:58.511 [HikariPool-5:housekeeper] DEBUG com.zaxxer.hikari.pool.HikariPool - HikariPool-5 - Fill pool skipped, pool has sufficient level or currently being filled.
2025-08-23 03:08:17.316 [HikariPool-5:housekeeper] DEBUG com.zaxxer.hikari.pool.HikariPool - HikariPool-5 - keepalive: connection com.mysql.cj.jdbc.ConnectionImpl@27be48db is alive
2025-08-23 03:08:28.520 [HikariPool-5:housekeeper] DEBUG com.zaxxer.hikari.pool.HikariPool - HikariPool-5 - Pool stats (total=10/10, idle=10/10, active=0, waiting=0)
2025-08-23 03:08:28.520 [HikariPool-5:housekeeper] DEBUG com.zaxxer.hikari.pool.HikariPool - HikariPool-5 - Fill pool skipped, pool has sufficient level or currently being filled.
2025-08-23 03:08:28.926 [HikariPool-5:housekeeper] DEBUG com.zaxxer.hikari.pool.HikariPool - HikariPool-5 - keepalive: connection com.mysql.cj.jdbc.ConnectionImpl@57afc02c is alive
2025-08-23 03:08:37.253 [HikariPool-5:housekeeper] DEBUG com.zaxxer.hikari.pool.HikariPool - HikariPool-5 - keepalive: connection com.mysql.cj.jdbc.ConnectionImpl@2e247aa is alive
2025-08-23 03:08:44.742 [HikariPool-5:housekeeper] DEBUG com.zaxxer.hikari.pool.HikariPool - HikariPool-5 - keepalive: connection com.mysql.cj.jdbc.ConnectionImpl@1622d03d is alive
2025-08-23 03:08:57.352 [HikariPool-5:housekeeper] DEBUG com.zaxxer.hikari.pool.HikariPool - HikariPool-5 - keepalive: connection com.mysql.cj.jdbc.ConnectionImpl@6acbdaf is alive
2025-08-23 03:08:58.535 [HikariPool-5:housekeeper] DEBUG com.zaxxer.hikari.pool.HikariPool - HikariPool-5 - Pool stats (total=10/10, idle=10/10, active=0, waiting=0)
2025-08-23 03:08:58.535 [HikariPool-5:housekeeper] DEBUG com.zaxxer.hikari.pool.HikariPool - HikariPool-5 - Fill pool skipped, pool has sufficient level or currently being filled.
2025-08-23 03:09:05.806 [HikariPool-5:housekeeper] DEBUG com.zaxxer.hikari.pool.HikariPool - HikariPool-5 - keepalive: connection com.mysql.cj.jdbc.ConnectionImpl@387f62fe is alive
2025-08-23 03:09:09.349 [HikariPool-5:housekeeper] DEBUG com.zaxxer.hikari.pool.HikariPool - HikariPool-5 - keepalive: connection com.mysql.cj.jdbc.ConnectionImpl@1391ab56 is alive
2025-08-23 03:09:14.456 [HikariPool-5:housekeeper] DEBUG com.zaxxer.hikari.pool.HikariPool - HikariPool-5 - keepalive: connection com.mysql.cj.jdbc.ConnectionImpl@78b2cff8 is alive
2025-08-23 03:09:16.361 [HikariPool-5:housekeeper] DEBUG com.zaxxer.hikari.pool.HikariPool - HikariPool-5 - keepalive: connection com.mysql.cj.jdbc.ConnectionImpl@64065f77 is alive
2025-08-23 03:09:20.948 [HikariPool-5:housekeeper] DEBUG com.zaxxer.hikari.pool.HikariPool - HikariPool-5 - keepalive: connection com.mysql.cj.jdbc.ConnectionImpl@668342e0 is alive
2025-08-23 03:09:28.546 [HikariPool-5:housekeeper] DEBUG com.zaxxer.hikari.pool.HikariPool - HikariPool-5 - Pool stats (total=10/10, idle=10/10, active=0, waiting=0)
2025-08-23 03:09:28.546 [HikariPool-5:housekeeper] DEBUG com.zaxxer.hikari.pool.HikariPool - HikariPool-5 - Fill pool skipped, pool has sufficient level or currently being filled.
2025-08-23 03:09:53.604 [HikariPool-5:housekeeper] DEBUG com.zaxxer.hikari.pool.HikariPool - HikariPool-5 - keepalive: connection com.mysql.cj.jdbc.ConnectionImpl@27be48db is alive
2025-08-23 03:09:58.550 [HikariPool-5:housekeeper] DEBUG com.zaxxer.hikari.pool.HikariPool - HikariPool-5 - Pool stats (total=10/10, idle=10/10, active=0, waiting=0)
2025-08-23 03:09:58.550 [HikariPool-5:housekeeper] DEBUG com.zaxxer.hikari.pool.HikariPool - HikariPool-5 - Fill pool skipped, pool has sufficient level or currently being filled.
2025-08-23 03:10:09.046 [HikariPool-5:housekeeper] DEBUG com.zaxxer.hikari.pool.HikariPool - HikariPool-5 - keepalive: connection com.mysql.cj.jdbc.ConnectionImpl@57afc02c is alive
2025-08-23 03:10:20.103 [HikariPool-5:housekeeper] DEBUG com.zaxxer.hikari.pool.HikariPool - HikariPool-5 - keepalive: connection com.mysql.cj.jdbc.ConnectionImpl@2e247aa is alive
2025-08-23 03:10:28.564 [HikariPool-5:housekeeper] DEBUG com.zaxxer.hikari.pool.HikariPool - HikariPool-5 - Pool stats (total=10/10, idle=10/10, active=0, waiting=0)
2025-08-23 03:10:28.564 [HikariPool-5:housekeeper] DEBUG com.zaxxer.hikari.pool.HikariPool - HikariPool-5 - Fill pool skipped, pool has sufficient level or currently being filled.
2025-08-23 03:10:30.032 [HikariPool-5:housekeeper] DEBUG com.zaxxer.hikari.pool.HikariPool - HikariPool-5 - keepalive: connection com.mysql.cj.jdbc.ConnectionImpl@1622d03d is alive
2025-08-23 03:10:46.942 [HikariPool-5:housekeeper] DEBUG com.zaxxer.hikari.pool.HikariPool - HikariPool-5 - keepalive: connection com.mysql.cj.jdbc.ConnectionImpl@6acbdaf is alive
2025-08-23 03:10:58.200 [HikariPool-5:housekeeper] DEBUG com.zaxxer.hikari.pool.HikariPool - HikariPool-5 - keepalive: connection com.mysql.cj.jdbc.ConnectionImpl@387f62fe is alive
2025-08-23 03:10:58.574 [HikariPool-5:housekeeper] DEBUG com.zaxxer.hikari.pool.HikariPool - HikariPool-5 - Pool stats (total=10/10, idle=10/10, active=0, waiting=0)
2025-08-23 03:10:58.574 [HikariPool-5:housekeeper] DEBUG com.zaxxer.hikari.pool.HikariPool - HikariPool-5 - Fill pool skipped, pool has sufficient level or currently being filled.
2025-08-23 03:11:02.875 [HikariPool-5:housekeeper] DEBUG com.zaxxer.hikari.pool.HikariPool - HikariPool-5 - keepalive: connection com.mysql.cj.jdbc.ConnectionImpl@1391ab56 is alive
2025-08-23 03:11:09.660 [HikariPool-5:housekeeper] DEBUG com.zaxxer.hikari.pool.HikariPool - HikariPool-5 - keepalive: connection com.mysql.cj.jdbc.ConnectionImpl@78b2cff8 is alive
2025-08-23 03:11:12.210 [HikariPool-5:housekeeper] DEBUG com.zaxxer.hikari.pool.HikariPool - HikariPool-5 - keepalive: connection com.mysql.cj.jdbc.ConnectionImpl@64065f77 is alive
2025-08-23 03:11:18.429 [HikariPool-5:housekeeper] DEBUG com.zaxxer.hikari.pool.HikariPool - HikariPool-5 - keepalive: connection com.mysql.cj.jdbc.ConnectionImpl@668342e0 is alive
2025-08-23 03:11:28.580 [HikariPool-5:housekeeper] DEBUG com.zaxxer.hikari.pool.HikariPool - HikariPool-5 - Pool stats (total=10/10, idle=10/10, active=0, waiting=0)
2025-08-23 03:11:28.580 [HikariPool-5:housekeeper] DEBUG com.zaxxer.hikari.pool.HikariPool - HikariPool-5 - Fill pool skipped, pool has sufficient level or currently being filled.
2025-08-23 03:11:29.889 [HikariPool-5:housekeeper] DEBUG com.zaxxer.hikari.pool.HikariPool - HikariPool-5 - keepalive: connection com.mysql.cj.jdbc.ConnectionImpl@27be48db is alive
2025-08-23 03:11:49.164 [HikariPool-5:housekeeper] DEBUG com.zaxxer.hikari.pool.HikariPool - HikariPool-5 - keepalive: connection com.mysql.cj.jdbc.ConnectionImpl@57afc02c is alive
2025-08-23 03:11:58.582 [HikariPool-5:housekeeper] DEBUG com.zaxxer.hikari.pool.HikariPool - HikariPool-5 - Pool stats (total=10/10, idle=10/10, active=0, waiting=0)
2025-08-23 03:11:58.582 [HikariPool-5:housekeeper] DEBUG com.zaxxer.hikari.pool.HikariPool - HikariPool-5 - Fill pool skipped, pool has sufficient level or currently being filled.
2025-08-23 03:12:02.955 [HikariPool-5:housekeeper] DEBUG com.zaxxer.hikari.pool.HikariPool - HikariPool-5 - keepalive: connection com.mysql.cj.jdbc.ConnectionImpl@2e247aa is alive
2025-08-23 03:12:15.316 [HikariPool-5:housekeeper] DEBUG com.zaxxer.hikari.pool.HikariPool - HikariPool-5 - keepalive: connection com.mysql.cj.jdbc.ConnectionImpl@1622d03d is alive
2025-08-23 03:12:28.590 [HikariPool-5:housekeeper] DEBUG com.zaxxer.hikari.pool.HikariPool - HikariPool-5 - Pool stats (total=10/10, idle=10/10, active=0, waiting=0)
2025-08-23 03:12:28.590 [HikariPool-5:housekeeper] DEBUG com.zaxxer.hikari.pool.HikariPool - HikariPool-5 - Fill pool skipped, pool has sufficient level or currently being filled.
2025-08-23 03:12:36.533 [HikariPool-5:housekeeper] DEBUG com.zaxxer.hikari.pool.HikariPool - HikariPool-5 - keepalive: connection com.mysql.cj.jdbc.ConnectionImpl@6acbdaf is alive
2025-08-23 03:12:50.588 [HikariPool-5:housekeeper] DEBUG com.zaxxer.hikari.pool.HikariPool - HikariPool-5 - keepalive: connection com.mysql.cj.jdbc.ConnectionImpl@387f62fe is alive
2025-08-23 03:12:56.407 [HikariPool-5:housekeeper] DEBUG com.zaxxer.hikari.pool.HikariPool - HikariPool-5 - keepalive: connection com.mysql.cj.jdbc.ConnectionImpl@1391ab56 is alive
2025-08-23 03:12:58.598 [HikariPool-5:housekeeper] DEBUG com.zaxxer.hikari.pool.HikariPool - HikariPool-5 - Pool stats (total=10/10, idle=10/10, active=0, waiting=0)
2025-08-23 03:12:58.598 [HikariPool-5:housekeeper] DEBUG com.zaxxer.hikari.pool.HikariPool - HikariPool-5 - Fill pool skipped, pool has sufficient level or currently being filled.
2025-08-23 03:13:04.869 [HikariPool-5:housekeeper] DEBUG com.zaxxer.hikari.pool.HikariPool - HikariPool-5 - keepalive: connection com.mysql.cj.jdbc.ConnectionImpl@78b2cff8 is alive
2025-08-23 03:13:06.175 [HikariPool-5:housekeeper] DEBUG com.zaxxer.hikari.pool.HikariPool - HikariPool-5 - keepalive: connection com.mysql.cj.jdbc.ConnectionImpl@27be48db is alive
2025-08-23 03:13:08.070 [HikariPool-5:housekeeper] DEBUG com.zaxxer.hikari.pool.HikariPool - HikariPool-5 - keepalive: connection com.mysql.cj.jdbc.ConnectionImpl@64065f77 is alive
2025-08-23 03:13:15.903 [HikariPool-5:housekeeper] DEBUG com.zaxxer.hikari.pool.HikariPool - HikariPool-5 - keepalive: connection com.mysql.cj.jdbc.ConnectionImpl@668342e0 is alive
2025-08-23 03:13:28.601 [HikariPool-5:housekeeper] DEBUG com.zaxxer.hikari.pool.HikariPool - HikariPool-5 - Pool stats (total=10/10, idle=10/10, active=0, waiting=0)
2025-08-23 03:13:28.601 [HikariPool-5:housekeeper] DEBUG com.zaxxer.hikari.pool.HikariPool - HikariPool-5 - Fill pool skipped, pool has sufficient level or currently being filled.
2025-08-23 03:13:29.287 [HikariPool-5:housekeeper] DEBUG com.zaxxer.hikari.pool.HikariPool - HikariPool-5 - keepalive: connection com.mysql.cj.jdbc.ConnectionImpl@57afc02c is alive
2025-08-23 03:13:45.800 [HikariPool-5:housekeeper] DEBUG com.zaxxer.hikari.pool.HikariPool - HikariPool-5 - keepalive: connection com.mysql.cj.jdbc.ConnectionImpl@2e247aa is alive
2025-08-23 03:13:58.603 [HikariPool-5:housekeeper] DEBUG com.zaxxer.hikari.pool.HikariPool - HikariPool-5 - Pool stats (total=10/10, idle=10/10, active=0, waiting=0)
2025-08-23 03:13:58.603 [HikariPool-5:housekeeper] DEBUG com.zaxxer.hikari.pool.HikariPool - HikariPool-5 - Fill pool skipped, pool has sufficient level or currently being filled.
2025-08-23 03:14:00.605 [HikariPool-5:housekeeper] DEBUG com.zaxxer.hikari.pool.HikariPool - HikariPool-5 - keepalive: connection com.mysql.cj.jdbc.ConnectionImpl@1622d03d is alive
2025-08-23 03:14:26.116 [HikariPool-5:housekeeper] DEBUG com.zaxxer.hikari.pool.HikariPool - HikariPool-5 - keepalive: connection com.mysql.cj.jdbc.ConnectionImpl@6acbdaf is alive
2025-08-23 03:14:28.605 [HikariPool-5:housekeeper] DEBUG com.zaxxer.hikari.pool.HikariPool - HikariPool-5 - Pool stats (total=10/10, idle=10/10, active=0, waiting=0)
2025-08-23 03:14:28.605 [HikariPool-5:housekeeper] DEBUG com.zaxxer.hikari.pool.HikariPool - HikariPool-5 - Fill pool skipped, pool has sufficient level or currently being filled.
2025-08-23 03:14:42.460 [HikariPool-5:housekeeper] DEBUG com.zaxxer.hikari.pool.HikariPool - HikariPool-5 - keepalive: connection com.mysql.cj.jdbc.ConnectionImpl@27be48db is alive
2025-08-23 03:14:42.977 [HikariPool-5:housekeeper] DEBUG com.zaxxer.hikari.pool.HikariPool - HikariPool-5 - keepalive: connection com.mysql.cj.jdbc.ConnectionImpl@387f62fe is alive
2025-08-23 03:14:49.934 [HikariPool-5:housekeeper] DEBUG com.zaxxer.hikari.pool.HikariPool - HikariPool-5 - keepalive: connection com.mysql.cj.jdbc.ConnectionImpl@1391ab56 is alive
2025-08-23 03:14:58.607 [HikariPool-5:housekeeper] DEBUG com.zaxxer.hikari.pool.HikariPool - HikariPool-5 - Pool stats (total=10/10, idle=10/10, active=0, waiting=0)
2025-08-23 03:14:58.607 [HikariPool-5:housekeeper] DEBUG com.zaxxer.hikari.pool.HikariPool - HikariPool-5 - Fill pool skipped, pool has sufficient level or currently being filled.
2025-08-23 03:15:00.069 [HikariPool-5:housekeeper] DEBUG com.zaxxer.hikari.pool.HikariPool - HikariPool-5 - keepalive: connection com.mysql.cj.jdbc.ConnectionImpl@78b2cff8 is alive
2025-08-23 03:15:03.918 [HikariPool-5:housekeeper] DEBUG com.zaxxer.hikari.pool.HikariPool - HikariPool-5 - keepalive: connection com.mysql.cj.jdbc.ConnectionImpl@64065f77 is alive
2025-08-23 03:15:09.397 [HikariPool-5:housekeeper] DEBUG com.zaxxer.hikari.pool.HikariPool - HikariPool-5 - keepalive: connection com.mysql.cj.jdbc.ConnectionImpl@57afc02c is alive
2025-08-23 03:15:13.384 [HikariPool-5:housekeeper] DEBUG com.zaxxer.hikari.pool.HikariPool - HikariPool-5 - keepalive: connection com.mysql.cj.jdbc.ConnectionImpl@668342e0 is alive
2025-08-23 03:15:28.620 [HikariPool-5:housekeeper] DEBUG com.zaxxer.hikari.pool.HikariPool - HikariPool-5 - Pool stats (total=10/10, idle=10/10, active=0, waiting=0)
2025-08-23 03:15:28.620 [HikariPool-5:housekeeper] DEBUG com.zaxxer.hikari.pool.HikariPool - HikariPool-5 - Fill pool skipped, pool has sufficient level or currently being filled.
2025-08-23 03:15:28.650 [HikariPool-5:housekeeper] DEBUG com.zaxxer.hikari.pool.HikariPool - HikariPool-5 - keepalive: connection com.mysql.cj.jdbc.ConnectionImpl@2e247aa is alive
2025-08-23 03:15:45.893 [HikariPool-5:housekeeper] DEBUG com.zaxxer.hikari.pool.HikariPool - HikariPool-5 - keepalive: connection com.mysql.cj.jdbc.ConnectionImpl@1622d03d is alive
2025-08-23 03:15:58.636 [HikariPool-5:housekeeper] DEBUG com.zaxxer.hikari.pool.HikariPool - HikariPool-5 - Pool stats (total=10/10, idle=10/10, active=0, waiting=0)
2025-08-23 03:15:58.636 [HikariPool-5:housekeeper] DEBUG com.zaxxer.hikari.pool.HikariPool - HikariPool-5 - Fill pool skipped, pool has sufficient level or currently being filled.
2025-08-23 03:16:15.706 [HikariPool-5:housekeeper] DEBUG com.zaxxer.hikari.pool.HikariPool - HikariPool-5 - keepalive: connection com.mysql.cj.jdbc.ConnectionImpl@6acbdaf is alive
2025-08-23 03:16:18.753 [HikariPool-5:housekeeper] DEBUG com.zaxxer.hikari.pool.HikariPool - HikariPool-5 - keepalive: connection com.mysql.cj.jdbc.ConnectionImpl@27be48db is alive
2025-08-23 03:16:28.642 [HikariPool-5:housekeeper] DEBUG com.zaxxer.hikari.pool.HikariPool - HikariPool-5 - Pool stats (total=10/10, idle=10/10, active=0, waiting=0)
2025-08-23 03:16:28.642 [HikariPool-5:housekeeper] DEBUG com.zaxxer.hikari.pool.HikariPool - HikariPool-5 - Fill pool skipped, pool has sufficient level or currently being filled.
2025-08-23 03:16:35.362 [HikariPool-5:housekeeper] DEBUG com.zaxxer.hikari.pool.HikariPool - HikariPool-5 - keepalive: connection com.mysql.cj.jdbc.ConnectionImpl@387f62fe is alive
2025-08-23 03:16:43.464 [HikariPool-5:housekeeper] DEBUG com.zaxxer.hikari.pool.HikariPool - HikariPool-5 - keepalive: connection com.mysql.cj.jdbc.ConnectionImpl@1391ab56 is alive
2025-08-23 03:16:50.517 [HikariPool-5:housekeeper] DEBUG com.zaxxer.hikari.pool.HikariPool - HikariPool-5 - keepalive: connection com.mysql.cj.jdbc.ConnectionImpl@57afc02c is alive
2025-08-23 03:16:55.271 [HikariPool-5:housekeeper] DEBUG com.zaxxer.hikari.pool.HikariPool - HikariPool-5 - keepalive: connection com.mysql.cj.jdbc.ConnectionImpl@78b2cff8 is alive
2025-08-23 03:16:58.655 [HikariPool-5:housekeeper] DEBUG com.zaxxer.hikari.pool.HikariPool - HikariPool-5 - Pool stats (total=10/10, idle=10/10, active=0, waiting=0)
2025-08-23 03:16:58.655 [HikariPool-5:housekeeper] DEBUG com.zaxxer.hikari.pool.HikariPool - HikariPool-5 - Fill pool skipped, pool has sufficient level or currently being filled.
2025-08-23 03:16:59.774 [HikariPool-5:housekeeper] DEBUG com.zaxxer.hikari.pool.HikariPool - HikariPool-5 - keepalive: connection com.mysql.cj.jdbc.ConnectionImpl@64065f77 is alive
2025-08-23 03:17:10.866 [HikariPool-5:housekeeper] DEBUG com.zaxxer.hikari.pool.HikariPool - HikariPool-5 - keepalive: connection com.mysql.cj.jdbc.ConnectionImpl@668342e0 is alive
2025-08-23 03:17:11.494 [HikariPool-5:housekeeper] DEBUG com.zaxxer.hikari.pool.HikariPool - HikariPool-5 - keepalive: connection com.mysql.cj.jdbc.ConnectionImpl@2e247aa is alive
2025-08-23 03:17:28.659 [HikariPool-5:housekeeper] DEBUG com.zaxxer.hikari.pool.HikariPool - HikariPool-5 - Pool stats (total=10/10, idle=10/10, active=0, waiting=0)
2025-08-23 03:17:28.659 [HikariPool-5:housekeeper] DEBUG com.zaxxer.hikari.pool.HikariPool - HikariPool-5 - Fill pool skipped, pool has sufficient level or currently being filled.
2025-08-23 03:17:31.179 [HikariPool-5:housekeeper] DEBUG com.zaxxer.hikari.pool.HikariPool - HikariPool-5 - keepalive: connection com.mysql.cj.jdbc.ConnectionImpl@1622d03d is alive
2025-08-23 03:17:56.060 [HikariPool-5:housekeeper] DEBUG com.zaxxer.hikari.pool.HikariPool - HikariPool-5 - keepalive: connection com.mysql.cj.jdbc.ConnectionImpl@27be48db is alive
2025-08-23 03:17:58.666 [HikariPool-5:housekeeper] DEBUG com.zaxxer.hikari.pool.HikariPool - HikariPool-5 - Pool stats (total=10/10, idle=10/10, active=0, waiting=0)
2025-08-23 03:17:58.666 [HikariPool-5:housekeeper] DEBUG com.zaxxer.hikari.pool.HikariPool - HikariPool-5 - Fill pool skipped, pool has sufficient level or currently being filled.
2025-08-23 03:18:05.296 [HikariPool-5:housekeeper] DEBUG com.zaxxer.hikari.pool.HikariPool - HikariPool-5 - keepalive: connection com.mysql.cj.jdbc.ConnectionImpl@6acbdaf is alive
2025-08-23 03:18:27.753 [HikariPool-5:housekeeper] DEBUG com.zaxxer.hikari.pool.HikariPool - HikariPool-5 - keepalive: connection com.mysql.cj.jdbc.ConnectionImpl@387f62fe is alive
2025-08-23 03:18:28.677 [HikariPool-5:housekeeper] DEBUG com.zaxxer.hikari.pool.HikariPool - HikariPool-5 - Pool stats (total=10/10, idle=10/10, active=0, waiting=0)
2025-08-23 03:18:28.677 [HikariPool-5:housekeeper] DEBUG com.zaxxer.hikari.pool.HikariPool - HikariPool-5 - Fill pool skipped, pool has sufficient level or currently being filled.
2025-08-23 03:18:30.629 [HikariPool-5:housekeeper] DEBUG com.zaxxer.hikari.pool.HikariPool - HikariPool-5 - keepalive: connection com.mysql.cj.jdbc.ConnectionImpl@57afc02c is alive
2025-08-23 03:18:36.991 [HikariPool-5:housekeeper] DEBUG com.zaxxer.hikari.pool.HikariPool - HikariPool-5 - keepalive: connection com.mysql.cj.jdbc.ConnectionImpl@1391ab56 is alive
2025-08-23 03:18:50.474 [HikariPool-5:housekeeper] DEBUG com.zaxxer.hikari.pool.HikariPool - HikariPool-5 - keepalive: connection com.mysql.cj.jdbc.ConnectionImpl@78b2cff8 is alive
2025-08-23 03:18:54.339 [HikariPool-5:housekeeper] DEBUG com.zaxxer.hikari.pool.HikariPool - HikariPool-5 - keepalive: connection com.mysql.cj.jdbc.ConnectionImpl@2e247aa is alive
2025-08-23 03:18:55.627 [HikariPool-5:housekeeper] DEBUG com.zaxxer.hikari.pool.HikariPool - HikariPool-5 - keepalive: connection com.mysql.cj.jdbc.ConnectionImpl@64065f77 is alive
