2025-08-22 03:22:34.344 [HikariPool-5:housekeeper] DEBUG com.zaxxer.hikari.pool.HikariPool - HikariPool-5 - keepalive: connection com.mysql.cj.jdbc.ConnectionImpl@59cde37b is alive
2025-08-22 03:22:34.349 [HikariPool-5:housekeeper] DEBUG com.zaxxer.hikari.pool.HikariPool - HikariPool-5 - keepalive: connection com.mysql.cj.jdbc.ConnectionImpl@6532a6cf is alive
2025-08-22 03:22:34.350 [HikariPool-5:housekeeper] WARN  com.zaxxer.hikari.pool.HikariPool - HikariPool-5 - Thread starvation or clock leap detected (housekeeper delta=16h19m35s649ms719?s800ns).
2025-08-22 03:22:34.351 [HikariPool-5:housekeeper] DEBUG com.zaxxer.hikari.pool.HikariPool - HikariPool-5 - Pool stats (total=10/10, idle=10/10, active=0, waiting=0)
2025-08-22 03:22:34.351 [HikariPool-5:housekeeper] DEBUG com.zaxxer.hikari.pool.HikariPool - HikariPool-5 - Fill pool skipped, pool has sufficient level or currently being filled.
2025-08-22 03:22:34.351 [HikariPool-5:housekeeper] DEBUG com.zaxxer.hikari.pool.HikariPool - HikariPool-5 - keepalive: connection com.mysql.cj.jdbc.ConnectionImpl@3e5ac2a4 is alive
2025-08-22 03:22:34.352 [HikariPool-5:housekeeper] DEBUG com.zaxxer.hikari.pool.HikariPool - HikariPool-5 - keepalive: connection com.mysql.cj.jdbc.ConnectionImpl@4fac6027 is alive
2025-08-22 03:22:34.352 [HikariPool-5:housekeeper] DEBUG com.zaxxer.hikari.pool.HikariPool - HikariPool-5 - keepalive: connection com.mysql.cj.jdbc.ConnectionImpl@4f11a3f5 is alive
2025-08-22 03:22:34.352 [HikariPool-5:housekeeper] DEBUG com.zaxxer.hikari.pool.HikariPool - HikariPool-5 - keepalive: connection com.mysql.cj.jdbc.ConnectionImpl@9e199d8 is alive
2025-08-22 03:22:34.352 [HikariPool-5:housekeeper] DEBUG com.zaxxer.hikari.pool.HikariPool - HikariPool-5 - keepalive: connection com.mysql.cj.jdbc.ConnectionImpl@3a5087fb is alive
2025-08-22 03:22:34.352 [HikariPool-5:housekeeper] DEBUG com.zaxxer.hikari.pool.HikariPool - HikariPool-5 - keepalive: connection com.mysql.cj.jdbc.ConnectionImpl@33822577 is alive
2025-08-22 03:22:34.353 [HikariPool-5:connection-closer] DEBUG com.zaxxer.hikari.pool.PoolBase - HikariPool-5 - Closing connection com.mysql.cj.jdbc.ConnectionImpl@4fac6027: (connection has passed maxLifetime)
2025-08-22 03:22:34.353 [HikariPool-5:housekeeper] DEBUG com.zaxxer.hikari.pool.HikariPool - HikariPool-5 - keepalive: connection com.mysql.cj.jdbc.ConnectionImpl@466932c3 is alive
2025-08-22 03:22:34.353 [HikariPool-5:housekeeper] DEBUG com.zaxxer.hikari.pool.HikariPool - HikariPool-5 - keepalive: connection com.mysql.cj.jdbc.ConnectionImpl@18f0e940 is alive
2025-08-22 03:22:34.353 [HikariPool-5:connection-closer] DEBUG com.zaxxer.hikari.pool.PoolBase - HikariPool-5 - Closing connection com.mysql.cj.jdbc.ConnectionImpl@18f0e940: (connection has passed maxLifetime)
2025-08-22 03:22:34.353 [HikariPool-5:connection-adder] DEBUG com.zaxxer.hikari.pool.PoolBase - HikariPool-5 - Attempting to create/setup new connection (61a3d528-13b6-46ae-b895-9934d80f6ffe)
2025-08-22 03:22:34.354 [HikariPool-5:connection-closer] DEBUG com.zaxxer.hikari.pool.PoolBase - HikariPool-5 - Closing connection com.mysql.cj.jdbc.ConnectionImpl@3a5087fb: (connection has passed maxLifetime)
2025-08-22 03:22:34.354 [HikariPool-5:connection-closer] DEBUG com.zaxxer.hikari.pool.PoolBase - HikariPool-5 - Closing connection com.mysql.cj.jdbc.ConnectionImpl@9e199d8: (connection has passed maxLifetime)
2025-08-22 03:22:34.354 [HikariPool-5:connection-closer] DEBUG com.zaxxer.hikari.pool.PoolBase - HikariPool-5 - Closing connection com.mysql.cj.jdbc.ConnectionImpl@6532a6cf: (connection has passed maxLifetime)
2025-08-22 03:22:34.354 [HikariPool-5:connection-closer] DEBUG com.zaxxer.hikari.pool.PoolBase - HikariPool-5 - Closing connection com.mysql.cj.jdbc.ConnectionImpl@59cde37b: (connection has passed maxLifetime)
2025-08-22 03:22:34.355 [HikariPool-5:connection-closer] DEBUG com.zaxxer.hikari.pool.PoolBase - HikariPool-5 - Closing connection com.mysql.cj.jdbc.ConnectionImpl@4f11a3f5: (connection has passed maxLifetime)
2025-08-22 03:22:34.355 [HikariPool-5:connection-closer] DEBUG com.zaxxer.hikari.pool.PoolBase - HikariPool-5 - Closing connection com.mysql.cj.jdbc.ConnectionImpl@3e5ac2a4: (connection has passed maxLifetime)
2025-08-22 03:22:34.357 [HikariPool-5:connection-closer] DEBUG com.zaxxer.hikari.pool.PoolBase - HikariPool-5 - Closing connection com.mysql.cj.jdbc.ConnectionImpl@33822577: (connection has passed maxLifetime)
2025-08-22 03:22:34.357 [HikariPool-5:connection-closer] DEBUG com.zaxxer.hikari.pool.PoolBase - HikariPool-5 - Closing connection com.mysql.cj.jdbc.ConnectionImpl@466932c3: (connection has passed maxLifetime)
2025-08-22 03:22:34.362 [HikariPool-5:connection-adder] DEBUG com.zaxxer.hikari.pool.PoolBase - HikariPool-5 - Established new connection (61a3d528-13b6-46ae-b895-9934d80f6ffe)
2025-08-22 03:22:34.362 [HikariPool-5:connection-adder] DEBUG com.zaxxer.hikari.pool.HikariPool - HikariPool-5 - Added connection com.mysql.cj.jdbc.ConnectionImpl@231d671d
2025-08-22 03:22:34.405 [HikariPool-5:connection-adder] DEBUG com.zaxxer.hikari.pool.PoolBase - HikariPool-5 - Attempting to create/setup new connection (c662fa06-d930-415d-aaa9-78cfb34885de)
2025-08-22 03:22:34.412 [HikariPool-5:connection-adder] DEBUG com.zaxxer.hikari.pool.PoolBase - HikariPool-5 - Established new connection (c662fa06-d930-415d-aaa9-78cfb34885de)
2025-08-22 03:22:34.414 [HikariPool-5:connection-adder] DEBUG com.zaxxer.hikari.pool.HikariPool - HikariPool-5 - Added connection com.mysql.cj.jdbc.ConnectionImpl@62206d26
2025-08-22 03:22:34.451 [HikariPool-5:connection-adder] DEBUG com.zaxxer.hikari.pool.PoolBase - HikariPool-5 - Attempting to create/setup new connection (84b881da-1d41-4e37-91a6-336f724e6143)
2025-08-22 03:22:34.458 [HikariPool-5:connection-adder] DEBUG com.zaxxer.hikari.pool.PoolBase - HikariPool-5 - Established new connection (84b881da-1d41-4e37-91a6-336f724e6143)
2025-08-22 03:22:34.458 [HikariPool-5:connection-adder] DEBUG com.zaxxer.hikari.pool.HikariPool - HikariPool-5 - Added connection com.mysql.cj.jdbc.ConnectionImpl@53084866
2025-08-22 03:22:34.496 [HikariPool-5:connection-adder] DEBUG com.zaxxer.hikari.pool.PoolBase - HikariPool-5 - Attempting to create/setup new connection (31944588-0c89-47a4-b61e-691b33a63cfe)
2025-08-22 03:22:34.503 [HikariPool-5:connection-adder] DEBUG com.zaxxer.hikari.pool.PoolBase - HikariPool-5 - Established new connection (31944588-0c89-47a4-b61e-691b33a63cfe)
2025-08-22 03:22:34.504 [HikariPool-5:connection-adder] DEBUG com.zaxxer.hikari.pool.HikariPool - HikariPool-5 - Added connection com.mysql.cj.jdbc.ConnectionImpl@20f9269
2025-08-22 03:22:34.543 [HikariPool-5:connection-adder] DEBUG com.zaxxer.hikari.pool.PoolBase - HikariPool-5 - Attempting to create/setup new connection (937dca3d-d220-4173-b8ce-9da8309244bd)
2025-08-22 03:22:34.551 [HikariPool-5:connection-adder] DEBUG com.zaxxer.hikari.pool.PoolBase - HikariPool-5 - Established new connection (937dca3d-d220-4173-b8ce-9da8309244bd)
2025-08-22 03:22:34.551 [HikariPool-5:connection-adder] DEBUG com.zaxxer.hikari.pool.HikariPool - HikariPool-5 - Added connection com.mysql.cj.jdbc.ConnectionImpl@2708efc5
2025-08-22 03:22:34.588 [HikariPool-5:connection-adder] DEBUG com.zaxxer.hikari.pool.PoolBase - HikariPool-5 - Attempting to create/setup new connection (85c7bf72-5746-44f5-9a33-196ded5618e2)
2025-08-22 03:22:34.595 [HikariPool-5:connection-adder] DEBUG com.zaxxer.hikari.pool.PoolBase - HikariPool-5 - Established new connection (85c7bf72-5746-44f5-9a33-196ded5618e2)
2025-08-22 03:22:34.595 [HikariPool-5:connection-adder] DEBUG com.zaxxer.hikari.pool.HikariPool - HikariPool-5 - Added connection com.mysql.cj.jdbc.ConnectionImpl@6416ccf
2025-08-22 03:22:34.634 [HikariPool-5:connection-adder] DEBUG com.zaxxer.hikari.pool.PoolBase - HikariPool-5 - Attempting to create/setup new connection (c40a8b8a-b08d-498e-bd8b-49509ee08ea6)
2025-08-22 03:22:34.641 [HikariPool-5:connection-adder] DEBUG com.zaxxer.hikari.pool.PoolBase - HikariPool-5 - Established new connection (c40a8b8a-b08d-498e-bd8b-49509ee08ea6)
2025-08-22 03:22:34.642 [HikariPool-5:connection-adder] DEBUG com.zaxxer.hikari.pool.HikariPool - HikariPool-5 - Added connection com.mysql.cj.jdbc.ConnectionImpl@46f5991a
2025-08-22 03:22:34.681 [HikariPool-5:connection-adder] DEBUG com.zaxxer.hikari.pool.PoolBase - HikariPool-5 - Attempting to create/setup new connection (2a2f1a69-7679-4794-9fc6-f2ceb00b969a)
2025-08-22 03:22:34.689 [HikariPool-5:connection-adder] DEBUG com.zaxxer.hikari.pool.PoolBase - HikariPool-5 - Established new connection (2a2f1a69-7679-4794-9fc6-f2ceb00b969a)
2025-08-22 03:22:34.689 [HikariPool-5:connection-adder] DEBUG com.zaxxer.hikari.pool.HikariPool - HikariPool-5 - Added connection com.mysql.cj.jdbc.ConnectionImpl@2ab6cb61
2025-08-22 03:22:34.727 [HikariPool-5:connection-adder] DEBUG com.zaxxer.hikari.pool.PoolBase - HikariPool-5 - Attempting to create/setup new connection (c7a2d1a5-2fc4-40be-93ed-04245710681c)
2025-08-22 03:22:34.736 [HikariPool-5:connection-adder] DEBUG com.zaxxer.hikari.pool.PoolBase - HikariPool-5 - Established new connection (c7a2d1a5-2fc4-40be-93ed-04245710681c)
2025-08-22 03:22:34.736 [HikariPool-5:connection-adder] DEBUG com.zaxxer.hikari.pool.HikariPool - HikariPool-5 - Added connection com.mysql.cj.jdbc.ConnectionImpl@7fdb310d
2025-08-22 03:22:34.774 [HikariPool-5:connection-adder] DEBUG com.zaxxer.hikari.pool.PoolBase - HikariPool-5 - Attempting to create/setup new connection (5f427576-2499-45cf-b271-9bbad64df94f)
2025-08-22 03:22:34.783 [HikariPool-5:connection-adder] DEBUG com.zaxxer.hikari.pool.PoolBase - HikariPool-5 - Established new connection (5f427576-2499-45cf-b271-9bbad64df94f)
2025-08-22 03:22:34.783 [HikariPool-5:connection-adder] DEBUG com.zaxxer.hikari.pool.HikariPool - HikariPool-5 - Added connection com.mysql.cj.jdbc.ConnectionImpl@23944d55
2025-08-22 03:22:34.819 [HikariPool-5:connection-adder] DEBUG com.zaxxer.hikari.pool.HikariPool - HikariPool-5 - Connection not added, stats (total=10/10, idle=10/10, active=0, waiting=0)
2025-08-22 16:05:54.407 [HikariPool-5:housekeeper] WARN  com.zaxxer.hikari.pool.HikariPool - HikariPool-5 - Thread starvation or clock leap detected (housekeeper delta=12h43m20s56ms487?s400ns).
2025-08-22 16:05:54.407 [HikariPool-5:housekeeper] DEBUG com.zaxxer.hikari.pool.HikariPool - HikariPool-5 - Pool stats (total=10/10, idle=10/10, active=0, waiting=0)
2025-08-22 16:05:54.407 [HikariPool-5:housekeeper] DEBUG com.zaxxer.hikari.pool.HikariPool - HikariPool-5 - Fill pool skipped, pool has sufficient level or currently being filled.
2025-08-22 16:05:54.407 [HikariPool-5:housekeeper] DEBUG com.zaxxer.hikari.pool.HikariPool - HikariPool-5 - keepalive: connection com.mysql.cj.jdbc.ConnectionImpl@6416ccf is alive
2025-08-22 16:05:54.408 [HikariPool-5:housekeeper] DEBUG com.zaxxer.hikari.pool.HikariPool - HikariPool-5 - keepalive: connection com.mysql.cj.jdbc.ConnectionImpl@62206d26 is alive
2025-08-22 16:05:54.408 [HikariPool-5:housekeeper] DEBUG com.zaxxer.hikari.pool.HikariPool - HikariPool-5 - keepalive: connection com.mysql.cj.jdbc.ConnectionImpl@2708efc5 is alive
2025-08-22 16:05:54.408 [HikariPool-5:housekeeper] DEBUG com.zaxxer.hikari.pool.HikariPool - HikariPool-5 - keepalive: connection com.mysql.cj.jdbc.ConnectionImpl@7fdb310d is alive
2025-08-22 16:05:54.409 [HikariPool-5:housekeeper] DEBUG com.zaxxer.hikari.pool.HikariPool - HikariPool-5 - keepalive: connection com.mysql.cj.jdbc.ConnectionImpl@53084866 is alive
2025-08-22 16:05:54.409 [HikariPool-5:housekeeper] DEBUG com.zaxxer.hikari.pool.HikariPool - HikariPool-5 - keepalive: connection com.mysql.cj.jdbc.ConnectionImpl@231d671d is alive
2025-08-22 16:05:54.409 [HikariPool-5:housekeeper] DEBUG com.zaxxer.hikari.pool.HikariPool - HikariPool-5 - keepalive: connection com.mysql.cj.jdbc.ConnectionImpl@2ab6cb61 is alive
2025-08-22 16:05:54.409 [HikariPool-5:housekeeper] DEBUG com.zaxxer.hikari.pool.HikariPool - HikariPool-5 - keepalive: connection com.mysql.cj.jdbc.ConnectionImpl@46f5991a is alive
2025-08-22 16:05:54.410 [HikariPool-5:housekeeper] DEBUG com.zaxxer.hikari.pool.HikariPool - HikariPool-5 - keepalive: connection com.mysql.cj.jdbc.ConnectionImpl@20f9269 is alive
2025-08-22 16:05:54.410 [HikariPool-5:housekeeper] DEBUG com.zaxxer.hikari.pool.HikariPool - HikariPool-5 - keepalive: connection com.mysql.cj.jdbc.ConnectionImpl@23944d55 is alive
2025-08-22 16:05:54.411 [HikariPool-5:connection-closer] DEBUG com.zaxxer.hikari.pool.PoolBase - HikariPool-5 - Closing connection com.mysql.cj.jdbc.ConnectionImpl@46f5991a: (connection has passed maxLifetime)
2025-08-22 16:05:54.412 [HikariPool-5:connection-closer] DEBUG com.zaxxer.hikari.pool.PoolBase - HikariPool-5 - Closing connection com.mysql.cj.jdbc.ConnectionImpl@7fdb310d: (connection has passed maxLifetime)
2025-08-22 16:05:54.412 [HikariPool-5:connection-adder] DEBUG com.zaxxer.hikari.pool.PoolBase - HikariPool-5 - Attempting to create/setup new connection (616066de-790f-4289-82f5-0684833ff1f3)
2025-08-22 16:05:54.417 [HikariPool-5:connection-closer] DEBUG com.zaxxer.hikari.pool.PoolBase - HikariPool-5 - Closing connection com.mysql.cj.jdbc.ConnectionImpl@53084866: (connection has passed maxLifetime)
2025-08-22 16:05:54.418 [HikariPool-5:connection-closer] DEBUG com.zaxxer.hikari.pool.PoolBase - HikariPool-5 - Closing connection com.mysql.cj.jdbc.ConnectionImpl@23944d55: (connection has passed maxLifetime)
2025-08-22 16:05:54.418 [HikariPool-5:connection-closer] DEBUG com.zaxxer.hikari.pool.PoolBase - HikariPool-5 - Closing connection com.mysql.cj.jdbc.ConnectionImpl@2708efc5: (connection has passed maxLifetime)
2025-08-22 16:05:54.418 [HikariPool-5:connection-closer] DEBUG com.zaxxer.hikari.pool.PoolBase - HikariPool-5 - Closing connection com.mysql.cj.jdbc.ConnectionImpl@6416ccf: (connection has passed maxLifetime)
2025-08-22 16:05:54.419 [HikariPool-5:connection-closer] DEBUG com.zaxxer.hikari.pool.PoolBase - HikariPool-5 - Closing connection com.mysql.cj.jdbc.ConnectionImpl@62206d26: (connection has passed maxLifetime)
2025-08-22 16:05:54.419 [HikariPool-5:connection-closer] DEBUG com.zaxxer.hikari.pool.PoolBase - HikariPool-5 - Closing connection com.mysql.cj.jdbc.ConnectionImpl@2ab6cb61: (connection has passed maxLifetime)
2025-08-22 16:05:54.419 [HikariPool-5:connection-closer] DEBUG com.zaxxer.hikari.pool.PoolBase - HikariPool-5 - Closing connection com.mysql.cj.jdbc.ConnectionImpl@20f9269: (connection has passed maxLifetime)
2025-08-22 16:05:54.420 [HikariPool-5:connection-closer] DEBUG com.zaxxer.hikari.pool.PoolBase - HikariPool-5 - Closing connection com.mysql.cj.jdbc.ConnectionImpl@231d671d: (connection has passed maxLifetime)
2025-08-22 16:05:54.424 [HikariPool-5:connection-adder] DEBUG com.zaxxer.hikari.pool.PoolBase - HikariPool-5 - Established new connection (616066de-790f-4289-82f5-0684833ff1f3)
2025-08-22 16:05:54.424 [HikariPool-5:connection-adder] DEBUG com.zaxxer.hikari.pool.HikariPool - HikariPool-5 - Added connection com.mysql.cj.jdbc.ConnectionImpl@724d607
2025-08-22 16:05:54.470 [HikariPool-5:connection-adder] DEBUG com.zaxxer.hikari.pool.PoolBase - HikariPool-5 - Attempting to create/setup new connection (3b799ff8-a591-429b-8320-1670c6d21ea5)
2025-08-22 16:05:54.479 [HikariPool-5:connection-adder] DEBUG com.zaxxer.hikari.pool.PoolBase - HikariPool-5 - Established new connection (3b799ff8-a591-429b-8320-1670c6d21ea5)
2025-08-22 16:05:54.479 [HikariPool-5:connection-adder] DEBUG com.zaxxer.hikari.pool.HikariPool - HikariPool-5 - Added connection com.mysql.cj.jdbc.ConnectionImpl@4619dc3c
2025-08-22 16:05:54.516 [HikariPool-5:connection-adder] DEBUG com.zaxxer.hikari.pool.PoolBase - HikariPool-5 - Attempting to create/setup new connection (8a6cda8e-ae6a-49bc-a7a3-496ed42f08ae)
2025-08-22 16:05:54.525 [HikariPool-5:connection-adder] DEBUG com.zaxxer.hikari.pool.PoolBase - HikariPool-5 - Established new connection (8a6cda8e-ae6a-49bc-a7a3-496ed42f08ae)
2025-08-22 16:05:54.525 [HikariPool-5:connection-adder] DEBUG com.zaxxer.hikari.pool.HikariPool - HikariPool-5 - Added connection com.mysql.cj.jdbc.ConnectionImpl@77957cf8
2025-08-22 16:05:54.562 [HikariPool-5:connection-adder] DEBUG com.zaxxer.hikari.pool.PoolBase - HikariPool-5 - Attempting to create/setup new connection (bc084929-6152-4764-afde-8d52c20949d0)
2025-08-22 16:05:54.573 [HikariPool-5:connection-adder] DEBUG com.zaxxer.hikari.pool.PoolBase - HikariPool-5 - Established new connection (bc084929-6152-4764-afde-8d52c20949d0)
2025-08-22 16:05:54.573 [HikariPool-5:connection-adder] DEBUG com.zaxxer.hikari.pool.HikariPool - HikariPool-5 - Added connection com.mysql.cj.jdbc.ConnectionImpl@26362373
2025-08-22 16:05:54.609 [HikariPool-5:connection-adder] DEBUG com.zaxxer.hikari.pool.PoolBase - HikariPool-5 - Attempting to create/setup new connection (f7026254-f849-4863-a6b8-e4603d974f4e)
2025-08-22 16:05:54.621 [HikariPool-5:connection-adder] DEBUG com.zaxxer.hikari.pool.PoolBase - HikariPool-5 - Established new connection (f7026254-f849-4863-a6b8-e4603d974f4e)
2025-08-22 16:05:54.621 [HikariPool-5:connection-adder] DEBUG com.zaxxer.hikari.pool.HikariPool - HikariPool-5 - Added connection com.mysql.cj.jdbc.ConnectionImpl@2c088514
2025-08-22 16:05:54.655 [HikariPool-5:connection-adder] DEBUG com.zaxxer.hikari.pool.PoolBase - HikariPool-5 - Attempting to create/setup new connection (f647d53b-7085-4892-b454-dcbc4b84e470)
2025-08-22 16:05:54.664 [HikariPool-5:connection-adder] DEBUG com.zaxxer.hikari.pool.PoolBase - HikariPool-5 - Established new connection (f647d53b-7085-4892-b454-dcbc4b84e470)
2025-08-22 16:05:54.664 [HikariPool-5:connection-adder] DEBUG com.zaxxer.hikari.pool.HikariPool - HikariPool-5 - Added connection com.mysql.cj.jdbc.ConnectionImpl@227879f4
2025-08-22 16:05:54.701 [HikariPool-5:connection-adder] DEBUG com.zaxxer.hikari.pool.PoolBase - HikariPool-5 - Attempting to create/setup new connection (78fda6b4-b8eb-446e-be2a-f7d2c3e5dae5)
2025-08-22 16:05:54.711 [HikariPool-5:connection-adder] DEBUG com.zaxxer.hikari.pool.PoolBase - HikariPool-5 - Established new connection (78fda6b4-b8eb-446e-be2a-f7d2c3e5dae5)
2025-08-22 16:05:54.711 [HikariPool-5:connection-adder] DEBUG com.zaxxer.hikari.pool.HikariPool - HikariPool-5 - Added connection com.mysql.cj.jdbc.ConnectionImpl@8fe1dad
2025-08-22 16:05:54.748 [HikariPool-5:connection-adder] DEBUG com.zaxxer.hikari.pool.PoolBase - HikariPool-5 - Attempting to create/setup new connection (88863891-49ce-4d98-9b91-2498a799a3f7)
2025-08-22 16:05:54.757 [HikariPool-5:connection-adder] DEBUG com.zaxxer.hikari.pool.PoolBase - HikariPool-5 - Established new connection (88863891-49ce-4d98-9b91-2498a799a3f7)
2025-08-22 16:05:54.757 [HikariPool-5:connection-adder] DEBUG com.zaxxer.hikari.pool.HikariPool - HikariPool-5 - Added connection com.mysql.cj.jdbc.ConnectionImpl@4b843098
2025-08-22 16:05:54.795 [HikariPool-5:connection-adder] DEBUG com.zaxxer.hikari.pool.PoolBase - HikariPool-5 - Attempting to create/setup new connection (f6023972-329f-4dca-a53f-00f6dbc371f5)
2025-08-22 16:05:54.806 [HikariPool-5:connection-adder] DEBUG com.zaxxer.hikari.pool.PoolBase - HikariPool-5 - Established new connection (f6023972-329f-4dca-a53f-00f6dbc371f5)
2025-08-22 16:05:54.806 [HikariPool-5:connection-adder] DEBUG com.zaxxer.hikari.pool.HikariPool - HikariPool-5 - Added connection com.mysql.cj.jdbc.ConnectionImpl@63ad1a96
2025-08-22 16:05:54.842 [HikariPool-5:connection-adder] DEBUG com.zaxxer.hikari.pool.PoolBase - HikariPool-5 - Attempting to create/setup new connection (56f9cf0a-0fb1-4b85-b0ff-0d4148eb6540)
2025-08-22 16:05:54.853 [HikariPool-5:connection-adder] DEBUG com.zaxxer.hikari.pool.PoolBase - HikariPool-5 - Established new connection (56f9cf0a-0fb1-4b85-b0ff-0d4148eb6540)
2025-08-22 16:05:54.853 [HikariPool-5:connection-adder] DEBUG com.zaxxer.hikari.pool.HikariPool - HikariPool-5 - Added connection com.mysql.cj.jdbc.ConnectionImpl@31f2d3a4
2025-08-22 16:05:54.888 [HikariPool-5:connection-adder] DEBUG com.zaxxer.hikari.pool.HikariPool - HikariPool-5 - Connection not added, stats (total=10/10, idle=10/10, active=0, waiting=0)
2025-08-22 16:06:24.422 [HikariPool-5:housekeeper] DEBUG com.zaxxer.hikari.pool.HikariPool - HikariPool-5 - Pool stats (total=10/10, idle=10/10, active=0, waiting=0)
2025-08-22 16:06:24.422 [HikariPool-5:housekeeper] DEBUG com.zaxxer.hikari.pool.HikariPool - HikariPool-5 - Fill pool skipped, pool has sufficient level or currently being filled.
